<?xml version="1.0" encoding="UTF-8"?>
<testsuites tests="5" failures="0" disabled="0" errors="0" timestamp="2017-09-28T01:52:53" time="2.384" name="AllTests">
  <testsuite name="RBMTest" tests="2" failures="0" disabled="0" errors="0" time="0.007">
    <testcase name="NormalConstantTestBeforeTrain" status="run" time="0.003" classname="RBMTest" />
    <testcase name="ParamsTest" status="run" time="0.001" classname="RBMTest" />
  </testsuite>
  <testsuite name="GeneralizeRBMTrainTest" tests="2" failures="0" disabled="0" errors="0" time="2.368">
    <testcase name="TrainCDTest" status="run" time="0.042" classname="GeneralizeRBMTrainTest" />
    <testcase name="TrainExactTest" status="run" time="2.323" classname="GeneralizeRBMTrainTest" />
  </testsuite>
  <testsuite name="AddTest" tests="1" failures="0" disabled="0" errors="0" time="0.006">
    <testcase name="Test2" status="run" time="0.006" classname="AddTest" />
  </testsuite>
</testsuites>
